<?xml version="1.0" encoding="UTF-8"?>
<testsuite xmlns:xsi="http://www.w3.org/2001/XMLSchema-instance" xsi:schemaLocation="https://maven.apache.org/surefire/maven-surefire-plugin/xsd/surefire-test-report.xsd" name="com.unipampa.edu.model.ExerciciobancoTest" time="0.268" tests="12" errors="12" skipped="0" failures="0">
  <properties>
[...]
</properties>
  <testcase name="testGetAjuda" classname="com.unipampa.edu.model.ExerciciobancoTest" time="0.013">
    <error type="java.lang.NullPointerException">java.lang.NullPointerException
	at com.unipampa.edu.model.ExerciciobancoTest.testGetAjuda(ExerciciobancoTest.java:63)
</error>
    <system-out><![CDATA[getAjuda
]]></system-out>
  </testcase>
  <testcase name="testGetInico" classname="com.unipampa.edu.model.ExerciciobancoTest" time="0.001">
    <error type="java.lang.NullPointerException">java.lang.NullPointerException
	at com.unipampa.edu.model.ExerciciobancoTest.testGetInico(ExerciciobancoTest.java:101)
</error>
    <system-out><![CDATA[getInico
]]></system-out>
  </testcase>
  <testcase name="testGetId" classname="com.unipampa.edu.model.ExerciciobancoTest" time="0.001">
    <error type="java.lang.NullPointerException">java.lang.NullPointerException
	at com.unipampa.edu.model.ExerciciobancoTest.testGetId(ExerciciobancoTest.java:25)
</error>
    <system-out><![CDATA[getId
]]></system-out>
  </testcase>
  <testcase name="testSetId" classname="com.unipampa.edu.model.ExerciciobancoTest" time="0">
    <error type="java.lang.NullPointerException">java.lang.NullPointerException
	at com.unipampa.edu.model.ExerciciobancoTest.testSetId(ExerciciobancoTest.java:35)
</error>
    <system-out><![CDATA[setId
]]></system-out>
  </testcase>
  <testcase name="testSetCorreto" classname="com.unipampa.edu.model.ExerciciobancoTest" time="0">
    <error type="java.lang.NullPointerException">java.lang.NullPointerException
	at com.unipampa.edu.model.ExerciciobancoTest.testSetCorreto(ExerciciobancoTest.java:54)
</error>
    <system-out><![CDATA[setCorreto
]]></system-out>
  </testcase>
  <testcase name="testGetFromula" classname="com.unipampa.edu.model.ExerciciobancoTest" time="0.001">
    <error type="java.lang.NullPointerException">java.lang.NullPointerException
	at com.unipampa.edu.model.ExerciciobancoTest.testGetFromula(ExerciciobancoTest.java:82)
</error>
    <system-out><![CDATA[getFromula
]]></system-out>
  </testcase>
  <testcase name="testGetCorreto" classname="com.unipampa.edu.model.ExerciciobancoTest" time="0.001">
    <error type="java.lang.NullPointerException">java.lang.NullPointerException
	at com.unipampa.edu.model.ExerciciobancoTest.testGetCorreto(ExerciciobancoTest.java:44)
</error>
    <system-out><![CDATA[getCorreto
]]></system-out>
  </testcase>
  <testcase name="testGetFim" classname="com.unipampa.edu.model.ExerciciobancoTest" time="0.001">
    <error type="java.lang.NullPointerException">java.lang.NullPointerException
	at com.unipampa.edu.model.ExerciciobancoTest.testGetFim(ExerciciobancoTest.java:120)
</error>
    <system-out><![CDATA[getFim
]]></system-out>
  </testcase>
  <testcase name="testSetFromula" classname="com.unipampa.edu.model.ExerciciobancoTest" time="0.001">
    <error type="java.lang.NullPointerException">java.lang.NullPointerException
	at com.unipampa.edu.model.ExerciciobancoTest.testSetFromula(ExerciciobancoTest.java:92)
</error>
    <system-out><![CDATA[setFromula
]]></system-out>
  </testcase>
  <testcase name="testSetFim" classname="com.unipampa.edu.model.ExerciciobancoTest" time="0">
    <error type="java.lang.NullPointerException">java.lang.NullPointerException
	at com.unipampa.edu.model.ExerciciobancoTest.testSetFim(ExerciciobancoTest.java:130)
</error>
    <system-out><![CDATA[setFim
]]></system-out>
  </testcase>
  <testcase name="testSetAjuda" classname="com.unipampa.edu.model.ExerciciobancoTest" time="0">
    <error type="java.lang.NullPointerException">java.lang.NullPointerException
	at com.unipampa.edu.model.ExerciciobancoTest.testSetAjuda(ExerciciobancoTest.java:73)
</error>
    <system-out><![CDATA[setAjuda
]]></system-out>
  </testcase>
  <testcase name="testSetInico" classname="com.unipampa.edu.model.ExerciciobancoTest" time="0">
    <error type="java.lang.NullPointerException">java.lang.NullPointerException
	at com.unipampa.edu.model.ExerciciobancoTest.testSetInico(ExerciciobancoTest.java:111)
</error>
    <system-out><![CDATA[setInico
]]></system-out>
  </testcase>
</testsuite>